GET - /api/posts - Thu, 31 Aug 2023 12:39:56 GMT - 1.238 ms
GET - /admin/login - Thu, 31 Aug 2023 12:41:02 GMT - 5069.066 ms
GET - /admin/login - Thu, 31 Aug 2023 12:42:16 GMT - 10.392 ms
GET - /admin/signup - Thu, 31 Aug 2023 12:42:26 GMT - 10.962 ms
GET - /admin/signup - Thu, 31 Aug 2023 12:57:31 GMT - 847.097 ms
POST - /admin/signup - Thu, 31 Aug 2023 12:57:47 GMT - 112.544 ms
GET - /admin/login - Thu, 31 Aug 2023 12:57:47 GMT - 9.565 ms
POST - /admin/login - Thu, 31 Aug 2023 13:01:03 GMT - 0.800 ms
GET - /admin/login - Thu, 31 Aug 2023 13:01:03 GMT - 8.633 ms
GET - /admin/login - Thu, 31 Aug 2023 18:51:32 GMT - 4789.264 ms
GET - /api/posts - Thu, 31 Aug 2023 18:51:33 GMT - 0.717 ms
GET - /api/posts - Thu, 31 Aug 2023 18:51:38 GMT - 0.404 ms
GET - /api/posts - Thu, 31 Aug 2023 18:51:44 GMT - 0.270 ms
GET - /api/posts - Thu, 31 Aug 2023 19:28:16 GMT - 3.551 ms
GET - /api/posts - Thu, 31 Aug 2023 19:28:17 GMT - 0.388 ms
POST - /api/login - Thu, 31 Aug 2023 19:28:30 GMT - 0.260 ms
GET - /api/posts - Thu, 31 Aug 2023 19:28:30 GMT - 0.340 ms
GET - /api/posts - Thu, 31 Aug 2023 19:29:01 GMT - 0.277 ms
GET - /api/posts - Thu, 31 Aug 2023 19:29:02 GMT - 0.292 ms
GET - /api/posts - Thu, 31 Aug 2023 19:29:02 GMT - 0.235 ms
GET - /api/posts - Thu, 31 Aug 2023 19:29:03 GMT - 0.243 ms
GET - /api/posts - Thu, 31 Aug 2023 19:29:03 GMT - 0.344 ms
GET - /api/posts - Thu, 31 Aug 2023 19:29:03 GMT - 0.217 ms
GET - /api/posts - Thu, 31 Aug 2023 19:29:03 GMT - 0.275 ms
GET - /api/posts - Thu, 31 Aug 2023 19:29:04 GMT - 0.442 ms
POST - /api/login - Thu, 31 Aug 2023 19:29:17 GMT - 0.288 ms
GET - /api/posts - Thu, 31 Aug 2023 19:29:17 GMT - 0.280 ms
GET - /admin/login - Thu, 31 Aug 2023 19:29:24 GMT - 813.783 ms
GET - /admin/login - Thu, 31 Aug 2023 19:29:36 GMT - 11.263 ms
POST - /admin/login - Thu, 31 Aug 2023 19:29:42 GMT - 109.963 ms
GET - /admin/login - Thu, 31 Aug 2023 19:29:42 GMT - 6.437 ms
POST - /admin/login - Thu, 31 Aug 2023 19:29:50 GMT - 95.149 ms
GET - /admin/login - Thu, 31 Aug 2023 19:29:50 GMT - 9.376 ms
POST - /admin/login - Thu, 31 Aug 2023 19:29:57 GMT - 145.966 ms
GET - /admin/dashboard - Thu, 31 Aug 2023 19:29:57 GMT - 43.794 ms
GET - /admin/dashboard - Thu, 31 Aug 2023 19:30:31 GMT - 17.839 ms
GET - /admin/dashboard - Thu, 31 Aug 2023 19:30:36 GMT - 17.115 ms
GET - /admin/logout - Thu, 31 Aug 2023 19:49:35 GMT - 0.440 ms
GET - /admin/login - Thu, 31 Aug 2023 19:49:35 GMT - 4.544 ms
GET - /api/posts - Thu, 31 Aug 2023 19:49:40 GMT - 0.787 ms
GET - /signin/hone - Thu, 31 Aug 2023 19:49:55 GMT - 6.349 ms
GET - /signin/home - Thu, 31 Aug 2023 19:49:59 GMT - 0.855 ms
GET - /signin/dam - Thu, 31 Aug 2023 19:50:02 GMT - 0.903 ms
GET - /api/posts - Thu, 31 Aug 2023 20:14:57 GMT - 1.326 ms
POST - /api/login - Thu, 31 Aug 2023 20:16:00 GMT - 147.007 ms
GET - /api/posts - Thu, 31 Aug 2023 20:16:00 GMT - 0.265 ms
GET - /add - Thu, 31 Aug 2023 20:34:18 GMT - 3.033 ms
POST - /api/verify - Thu, 31 Aug 2023 20:34:18 GMT - 51.600 ms
GET - /api/posts - Thu, 31 Aug 2023 20:34:23 GMT - 0.945 ms
POST - /api/login - Thu, 31 Aug 2023 20:34:48 GMT - 140.218 ms
GET - /api/posts - Thu, 31 Aug 2023 20:34:48 GMT - 0.393 ms
GET - /api/posts - Thu, 31 Aug 2023 20:34:52 GMT - 0.239 ms
POST - /api/verify - Thu, 31 Aug 2023 20:34:52 GMT - 41.075 ms
GET - /signin - Thu, 31 Aug 2023 20:35:44 GMT - 3.842 ms
GET - /signin - Thu, 31 Aug 2023 20:35:45 GMT - 0.595 ms
POST - /api/login - Thu, 31 Aug 2023 20:35:56 GMT - 144.792 ms
GET - /api/posts - Thu, 31 Aug 2023 20:35:56 GMT - 0.439 ms
GET - /admin/login - Thu, 31 Aug 2023 20:36:07 GMT - 897.570 ms
POST - /admin/login - Thu, 31 Aug 2023 20:36:13 GMT - 140.591 ms
GET - /admin/dashboard - Thu, 31 Aug 2023 20:36:14 GMT - 34.431 ms
GET - /admin/dashboard - Thu, 31 Aug 2023 20:36:17 GMT - 19.407 ms
GET - /admin/dashboard - Thu, 31 Aug 2023 20:36:19 GMT - 16.581 ms
GET - /api/posts - Thu, 31 Aug 2023 20:36:34 GMT - 0.510 ms
POST - /api/login - Thu, 31 Aug 2023 20:36:44 GMT - 134.550 ms
GET - /api/posts - Thu, 31 Aug 2023 20:36:44 GMT - 0.283 ms
GET - /api/posts - Thu, 31 Aug 2023 20:36:51 GMT - 1.807 ms
POST - /api/verify - Thu, 31 Aug 2023 20:36:51 GMT - 42.520 ms
POST - /api/login - Thu, 31 Aug 2023 20:42:01 GMT - 112.988 ms
GET - /api/posts - Thu, 31 Aug 2023 20:42:01 GMT - 0.778 ms
GET - /api/posts - Thu, 31 Aug 2023 20:42:03 GMT - 0.285 ms
POST - /api/verify - Thu, 31 Aug 2023 20:42:03 GMT - 32.004 ms
